<?xml version="1.0" encoding="UTF-8" standalone="no"?>
<testsuite errors="0" failures="5" name="io.cucumber.core.plugin.JUnitFormatter" skipped="0" tests="5" time="0.139">
    <testcase classname="registration" name="Validate signin functionality" time="0.041">
        <failure message="The scenario has no steps" type="java.lang.Exception"/>
    </testcase>
    <testcase classname="registration" name="create account" time="0.001">
        <failure message="The scenario has no steps" type="java.lang.Exception"/>
    </testcase>
    <testcase classname="registration" name="enter personal details and register" time="0.001">
        <failure message="The scenario has no steps" type="java.lang.Exception"/>
    </testcase>
    <testcase classname="registration" name="registered user logout" time="0">
        <failure message="The scenario has no steps" type="java.lang.Exception"/>
    </testcase>
    <testcase classname="registration" name="click signin and login by providing user details" time="0">
        <failure message="The scenario has no steps" type="java.lang.Exception"/>
    </testcase>
</testsuite>
